Using pre-set license
Built from '2020.2/release' branch; Version is '2020.2.1f1 (270dd8c3da1c) revision 2559448'; Using compiler version '192528614'; Build Type 'Release'
OS: 'Windows 10  (10.0.0) 64bit' Language: 'en' Physical Memory: 16196 MB
BatchMode: 1, IsHumanControllingUs: 0, StartBugReporterOnCrash: 0, Is64bit: 1, IsPro: 0

 COMMAND LINE ARGUMENTS:
D:\Unity\2020.2.1f1\Editor\Unity.exe
-adb2
-batchMode
-noUpm
-name
AssetImportWorker0
-projectPath
D:/Unity Projects/GhostFinder_GGJ2021
-logFile
Logs/AssetImportWorker0.log
-srvPort
51818
Successfully changed project path to: D:/Unity Projects/GhostFinder_GGJ2021
D:/Unity Projects/GhostFinder_GGJ2021
Using Asset Import Pipeline V2.
Refreshing native plugins compatible for Editor in 43.71 ms, found 0 plugins.
Preloading 0 native plugins for Editor in 0.00 ms.
Initialize engine version: 2020.2.1f1 (270dd8c3da1c)
[Subsystems] Discovering subsystems at path D:/Unity/2020.2.1f1/Editor/Data/Resources/UnitySubsystems
[Subsystems] Discovering subsystems at path D:/Unity Projects/GhostFinder_GGJ2021/Assets
GfxDevice: creating device client; threaded=0
Direct3D:
    Version:  Direct3D 11.0 [level 11.1]
    Renderer: NVIDIA GeForce GTX 1660 Ti (ID=0x2191)
    Vendor:   
    VRAM:     5991 MB
    Driver:   26.21.14.4145
Shader 'Universal Render Pipeline/Particles/Lit': fallback shader 'Universal Render Pipeline/Particles/SimpleLit' not found
Initialize mono
Mono path[0] = 'D:/Unity/2020.2.1f1/Editor/Data/Managed'
Mono path[1] = 'D:/Unity/2020.2.1f1/Editor/Data/MonoBleedingEdge/lib/mono/unityjit'
Mono config path = 'D:/Unity/2020.2.1f1/Editor/Data/MonoBleedingEdge/etc'
Using monoOptions --debugger-agent=transport=dt_socket,embedding=1,server=y,suspend=n,address=127.0.0.1:56212
Begin MonoManager ReloadAssembly
Registering precompiled unity dll's ...
Register platform support module: D:/Unity/2020.2.1f1/Editor/Data/PlaybackEngines/WindowsStandaloneSupport/UnityEditor.WindowsStandalone.Extensions.dll
Registered in 0.000753 seconds.
Native extension for WindowsStandalone target not found
Refreshing native plugins compatible for Editor in 42.64 ms, found 0 plugins.
Preloading 0 native plugins for Editor in 0.00 ms.
Invoked RoslynAnalysisRunner static constructor.
RoslynAnalysisRunner will not be running.
RoslynAnalysisRunner has terminated.
Mono: successfully reloaded assembly
- Completed reload, in  1.228 seconds
Platform modules already initialized, skipping
Registering precompiled user dll's ...
Registered in 0.001013 seconds.
Begin MonoManager ReloadAssembly
Native extension for WindowsStandalone target not found
Refreshing native plugins compatible for Editor in 43.25 ms, found 0 plugins.
Preloading 0 native plugins for Editor in 0.00 ms.
Invoked RoslynAnalysisRunner static constructor.
RoslynAnalysisRunner will not be running.
RoslynAnalysisRunner has terminated.
Mono: successfully reloaded assembly
- Completed reload, in  0.888 seconds
Platform modules already initialized, skipping
========================================================================
Worker process is ready to serve import requests
Shader 'Universal Render Pipeline/Particles/Lit': fallback shader 'Universal Render Pipeline/Particles/SimpleLit' not found
Launched and connected shader compiler UnityShaderCompiler.exe after 0.04 seconds
Refreshing native plugins compatible for Editor in 0.43 ms, found 0 plugins.
Preloading 0 native plugins for Editor in 0.00 ms.
Unloading 2739 Unused Serialized files (Serialized files now loaded: 0)
System memory in use before: 120.7 MB.
System memory in use after: 120.8 MB.

Unloading 14 unused Assets to reduce memory usage. Loaded Objects now: 3181.
Total: 2.075200 ms (FindLiveObjects: 0.247100 ms CreateObjectMapping: 0.122500 ms MarkObjects: 1.622400 ms  DeleteObjects: 0.082300 ms)

========================================================================
Received Import Request.
  path: Assets/Prefabs/Ghost Variant.prefab
  artifactKey: Guid(35b109c9560440b4c80eedf57f59ec41) Importer(815301076,1909f56bfc062723c751e8b465ee728b)
Start importing Assets/Prefabs/Ghost Variant.prefab using Guid(35b109c9560440b4c80eedf57f59ec41) Importer(815301076,1909f56bfc062723c751e8b465ee728b)  -> (artifact id: 'dde4adf4248e5d1c71881f8921306e8c') in 0.113250 seconds
  Import took 0.117338 seconds .

========================================================================
Received Import Request.
  Time since last request: 0.000167 seconds.
  path: Assets/Prefabs/Ghost.fbx
  artifactKey: Guid(4e098d431fb482d44812e417d5f418b9) Importer(815301076,1909f56bfc062723c751e8b465ee728b)
Start importing Assets/Prefabs/Ghost.fbx using Guid(4e098d431fb482d44812e417d5f418b9) Importer(815301076,1909f56bfc062723c751e8b465ee728b)  -> (artifact id: '86bec4750139b2a06ac2960b91dc5f44') in 0.162417 seconds
  Import took 0.166277 seconds .

========================================================================
Received Import Request.
  Time since last request: 7.299513 seconds.
  path: Assets/Scripts/GhostRemainingText.cs
  artifactKey: Guid(df3a8af60ff6c514b90802f3e09ac9fa) Importer(815301076,1909f56bfc062723c751e8b465ee728b)
Start importing Assets/Scripts/GhostRemainingText.cs using Guid(df3a8af60ff6c514b90802f3e09ac9fa) Importer(815301076,1909f56bfc062723c751e8b465ee728b)  -> (artifact id: '89e00856ba7788b0bfc3d23238bdeb49') in 0.007713 seconds
  Import took 0.011851 seconds .

========================================================================
Received Import Request.
  Time since last request: 11.930822 seconds.
  path: Assets/Scripts/PlaceOnPlane.cs
  artifactKey: Guid(bfc8aac6386eedd4a8d6147a6861162f) Importer(815301076,1909f56bfc062723c751e8b465ee728b)
Start importing Assets/Scripts/PlaceOnPlane.cs using Guid(bfc8aac6386eedd4a8d6147a6861162f) Importer(815301076,1909f56bfc062723c751e8b465ee728b)  -> (artifact id: '0484d13336f9204775d34d86a7ddbcb3') in 0.069084 seconds
  Import took 0.075781 seconds .

========================================================================
Received Prepare
Registering precompiled user dll's ...
Registered in 0.000994 seconds.
Begin MonoManager ReloadAssembly
Native extension for WindowsStandalone target not found
Refreshing native plugins compatible for Editor in 0.43 ms, found 0 plugins.
Preloading 0 native plugins for Editor in 0.00 ms.
Invoked RoslynAnalysisRunner static constructor.
RoslynAnalysisRunner will not be running.
RoslynAnalysisRunner has terminated.
Mono: successfully reloaded assembly
- Completed reload, in  0.760 seconds
Platform modules already initialized, skipping
Shader 'Universal Render Pipeline/Particles/Lit': fallback shader 'Universal Render Pipeline/Particles/SimpleLit' not found
Refreshing native plugins compatible for Editor in 0.45 ms, found 0 plugins.
Preloading 0 native plugins for Editor in 0.00 ms.
Unloading 2662 Unused Serialized files (Serialized files now loaded: 0)
System memory in use before: 117.3 MB.
System memory in use after: 117.4 MB.

Unloading 9 unused Assets to reduce memory usage. Loaded Objects now: 3227.
Total: 2.645300 ms (FindLiveObjects: 0.291100 ms CreateObjectMapping: 0.149500 ms MarkObjects: 2.151400 ms  DeleteObjects: 0.052400 ms)

========================================================================
Received Import Request.
  Time since last request: 170.569433 seconds.
  path: Assets/Scripts/PlaceOnPlane.cs
  artifactKey: Guid(bfc8aac6386eedd4a8d6147a6861162f) Importer(815301076,1909f56bfc062723c751e8b465ee728b)
Start importing Assets/Scripts/PlaceOnPlane.cs using Guid(bfc8aac6386eedd4a8d6147a6861162f) Importer(815301076,1909f56bfc062723c751e8b465ee728b)  -> (artifact id: 'f1548bcd7d752f7231191eb6669af80c') in 0.012434 seconds
  Import took 0.018891 seconds .

========================================================================
Received Prepare
Registering precompiled user dll's ...
Registered in 0.000906 seconds.
Begin MonoManager ReloadAssembly
Native extension for WindowsStandalone target not found
Refreshing native plugins compatible for Editor in 0.44 ms, found 0 plugins.
Preloading 0 native plugins for Editor in 0.00 ms.
Invoked RoslynAnalysisRunner static constructor.
RoslynAnalysisRunner will not be running.
RoslynAnalysisRunner has terminated.
Mono: successfully reloaded assembly
- Completed reload, in  0.759 seconds
Platform modules already initialized, skipping
Shader 'Universal Render Pipeline/Particles/Lit': fallback shader 'Universal Render Pipeline/Particles/SimpleLit' not found
Refreshing native plugins compatible for Editor in 0.43 ms, found 0 plugins.
Preloading 0 native plugins for Editor in 0.00 ms.
Unloading 2663 Unused Serialized files (Serialized files now loaded: 0)
System memory in use before: 117.5 MB.
System memory in use after: 117.6 MB.

Unloading 9 unused Assets to reduce memory usage. Loaded Objects now: 3230.
Total: 3.961600 ms (FindLiveObjects: 0.447300 ms CreateObjectMapping: 0.256100 ms MarkObjects: 3.154700 ms  DeleteObjects: 0.102100 ms)

========================================================================
Received Prepare
Registering precompiled user dll's ...
Registered in 0.000969 seconds.
Begin MonoManager ReloadAssembly
Native extension for WindowsStandalone target not found
Refreshing native plugins compatible for Editor in 0.44 ms, found 0 plugins.
Preloading 0 native plugins for Editor in 0.00 ms.
Invoked RoslynAnalysisRunner static constructor.
RoslynAnalysisRunner will not be running.
RoslynAnalysisRunner has terminated.
Mono: successfully reloaded assembly
- Completed reload, in  0.756 seconds
Platform modules already initialized, skipping
Shader 'Universal Render Pipeline/Particles/Lit': fallback shader 'Universal Render Pipeline/Particles/SimpleLit' not found
Refreshing native plugins compatible for Editor in 0.43 ms, found 0 plugins.
Preloading 0 native plugins for Editor in 0.00 ms.
Unloading 2663 Unused Serialized files (Serialized files now loaded: 0)
System memory in use before: 117.6 MB.
System memory in use after: 117.7 MB.

Unloading 9 unused Assets to reduce memory usage. Loaded Objects now: 3233.
Total: 3.476200 ms (FindLiveObjects: 0.415200 ms CreateObjectMapping: 0.261700 ms MarkObjects: 2.706800 ms  DeleteObjects: 0.091200 ms)

========================================================================
Received Import Request.
  Time since last request: 144.650431 seconds.
  path: Assets/Scripts/PlaceOnPlane.cs
  artifactKey: Guid(bfc8aac6386eedd4a8d6147a6861162f) Importer(815301076,1909f56bfc062723c751e8b465ee728b)
Start importing Assets/Scripts/PlaceOnPlane.cs using Guid(bfc8aac6386eedd4a8d6147a6861162f) Importer(815301076,1909f56bfc062723c751e8b465ee728b)  -> (artifact id: 'cc8a4b887881332ff0715d34c0f47723') in 0.005146 seconds
  Import took 0.011146 seconds .

========================================================================
Received Prepare
Shader 'Universal Render Pipeline/Particles/Lit': fallback shader 'Universal Render Pipeline/Particles/SimpleLit' not found
Refreshing native plugins compatible for Editor in 0.97 ms, found 0 plugins.
Preloading 0 native plugins for Editor in 0.00 ms.
Unloading 9 Unused Serialized files (Serialized files now loaded: 0)
System memory in use before: 67.1 MB.
System memory in use after: 67.3 MB.

Unloading 5 unused Assets to reduce memory usage. Loaded Objects now: 3234.
Total: 2.208300 ms (FindLiveObjects: 0.256800 ms CreateObjectMapping: 0.122000 ms MarkObjects: 1.765400 ms  DeleteObjects: 0.062700 ms)

========================================================================
Received Prepare
Registering precompiled user dll's ...
Registered in 0.000958 seconds.
Begin MonoManager ReloadAssembly
Native extension for WindowsStandalone target not found
Refreshing native plugins compatible for Editor in 37.55 ms, found 0 plugins.
Preloading 0 native plugins for Editor in 0.00 ms.
Invoked RoslynAnalysisRunner static constructor.
RoslynAnalysisRunner will not be running.
RoslynAnalysisRunner has terminated.
Mono: successfully reloaded assembly
- Completed reload, in  0.668 seconds
Platform modules already initialized, skipping
Shader 'Universal Render Pipeline/Particles/Lit': fallback shader 'Universal Render Pipeline/Particles/SimpleLit' not found
Refreshing native plugins compatible for Editor in 0.43 ms, found 0 plugins.
Preloading 0 native plugins for Editor in 0.00 ms.
Unloading 2661 Unused Serialized files (Serialized files now loaded: 0)
System memory in use before: 117.3 MB.
System memory in use after: 117.5 MB.

Unloading 6 unused Assets to reduce memory usage. Loaded Objects now: 3233.
Total: 1.750700 ms (FindLiveObjects: 0.243300 ms CreateObjectMapping: 0.115200 ms MarkObjects: 1.338500 ms  DeleteObjects: 0.052900 ms)

========================================================================
Received Import Request.
  Time since last request: 163.915281 seconds.
  path: Assets/Materials/GhostShader.shadergraph
  artifactKey: Guid(598682165da2f97429b212cfc4fd05f1) Importer(815301076,1909f56bfc062723c751e8b465ee728b)
Start importing Assets/Materials/GhostShader.shadergraph using Guid(598682165da2f97429b212cfc4fd05f1) Importer(815301076,1909f56bfc062723c751e8b465ee728b)  -> (artifact id: '77b3e8e8eaf6feb8f59ae28652076cc2') in 0.014479 seconds
  Import took 0.018497 seconds .

========================================================================
Received Prepare
Registering precompiled user dll's ...
Registered in 0.000445 seconds.
Begin MonoManager ReloadAssembly
Native extension for WindowsStandalone target not found
Refreshing native plugins compatible for Editor in 23.88 ms, found 0 plugins.
Preloading 0 native plugins for Editor in 0.00 ms.
Invoked RoslynAnalysisRunner static constructor.
RoslynAnalysisRunner will not be running.
RoslynAnalysisRunner has terminated.
Mono: successfully reloaded assembly
- Completed reload, in  0.742 seconds
Platform modules already initialized, skipping
Shader 'Universal Render Pipeline/Particles/Lit': fallback shader 'Universal Render Pipeline/Particles/SimpleLit' not found
Refreshing native plugins compatible for Editor in 0.26 ms, found 0 plugins.
Preloading 0 native plugins for Editor in 0.00 ms.
Unloading 1472 Unused Serialized files (Serialized files now loaded: 0)
System memory in use before: 94.1 MB.
System memory in use after: 94.3 MB.

Unloading 308 unused Assets to reduce memory usage. Loaded Objects now: 2936.
Total: 1.956300 ms (FindLiveObjects: 0.221100 ms CreateObjectMapping: 0.103300 ms MarkObjects: 1.506300 ms  DeleteObjects: 0.124900 ms)

========================================================================
Received Prepare
Registering precompiled user dll's ...
Registered in 0.000998 seconds.
Begin MonoManager ReloadAssembly
Native extension for WindowsStandalone target not found
Refreshing native plugins compatible for Editor in 43.10 ms, found 0 plugins.
Preloading 0 native plugins for Editor in 0.00 ms.
Invoked RoslynAnalysisRunner static constructor.
RoslynAnalysisRunner will not be running.
RoslynAnalysisRunner has terminated.
Mono: successfully reloaded assembly
- Completed reload, in  0.874 seconds
Platform modules already initialized, skipping
Shader 'Universal Render Pipeline/Particles/Lit': fallback shader 'Universal Render Pipeline/Particles/SimpleLit' not found
Refreshing native plugins compatible for Editor in 0.46 ms, found 0 plugins.
Preloading 0 native plugins for Editor in 0.00 ms.
Unloading 2663 Unused Serialized files (Serialized files now loaded: 0)
System memory in use before: 117.7 MB.
System memory in use after: 117.9 MB.

Unloading 9 unused Assets to reduce memory usage. Loaded Objects now: 3239.
Total: 2.181600 ms (FindLiveObjects: 0.257000 ms CreateObjectMapping: 0.132400 ms MarkObjects: 1.726100 ms  DeleteObjects: 0.065300 ms)

========================================================================
Received Import Request.
  Time since last request: 167.659631 seconds.
  path: Assets/Rendering
  artifactKey: Guid(c2f7d90c8f5009740a18ef38c9d2b0a6) Importer(815301076,1909f56bfc062723c751e8b465ee728b)
Start importing Assets/Rendering using Guid(c2f7d90c8f5009740a18ef38c9d2b0a6) Importer(815301076,1909f56bfc062723c751e8b465ee728b)  -> (artifact id: '37ae09d7d23e65c018b61310f753b7e1') in 0.008668 seconds
  Import took 0.012839 seconds .

========================================================================
Received Import Request.
  Time since last request: 34.096448 seconds.
  path: Assets/Rendering/UniversalRenderPipelineAsset.asset
  artifactKey: Guid(1eeaf0f36b6f4754c8956742fa3f9d96) Importer(815301076,1909f56bfc062723c751e8b465ee728b)
Start importing Assets/Rendering/UniversalRenderPipelineAsset.asset using Guid(1eeaf0f36b6f4754c8956742fa3f9d96) Importer(815301076,1909f56bfc062723c751e8b465ee728b)  -> (artifact id: '679ed5ace34dfb24fe013494c4d46d11') in 0.034069 seconds
  Import took 0.083818 seconds .

========================================================================
Received Import Request.
  Time since last request: 0.000445 seconds.
  path: Assets/Rendering/UniversalRenderPipelineAsset_Renderer.asset
  artifactKey: Guid(76bd70941fe28be42bfcb6d907f70d2b) Importer(815301076,1909f56bfc062723c751e8b465ee728b)
Start importing Assets/Rendering/UniversalRenderPipelineAsset_Renderer.asset using Guid(76bd70941fe28be42bfcb6d907f70d2b) Importer(815301076,1909f56bfc062723c751e8b465ee728b)  -> (artifact id: '211c42867ed2948121e1c6a8c63a990d') in 0.028596 seconds
  Import took 0.036462 seconds .

========================================================================
Received Prepare
Shader 'Universal Render Pipeline/Particles/Lit': fallback shader 'Universal Render Pipeline/Particles/SimpleLit' not found
Refreshing native plugins compatible for Editor in 0.93 ms, found 0 plugins.
Preloading 0 native plugins for Editor in 0.00 ms.
Unloading 9 Unused Serialized files (Serialized files now loaded: 0)
System memory in use before: 67.4 MB.
System memory in use after: 67.5 MB.

Unloading 6 unused Assets to reduce memory usage. Loaded Objects now: 3239.
Total: 2.850500 ms (FindLiveObjects: 0.303500 ms CreateObjectMapping: 0.138600 ms MarkObjects: 2.330400 ms  DeleteObjects: 0.076600 ms)

========================================================================
Received Import Request.
  Time since last request: 187.171822 seconds.
  path: Assets/Shaders
  artifactKey: Guid(a02f41c0ddb67ad4eb8e64710d690c85) Importer(815301076,1909f56bfc062723c751e8b465ee728b)
Start importing Assets/Shaders using Guid(a02f41c0ddb67ad4eb8e64710d690c85) Importer(815301076,1909f56bfc062723c751e8b465ee728b)  -> (artifact id: '0ed533f6150d2a673d2e86e831638c30') in 0.010125 seconds
  Import took 0.017564 seconds .

========================================================================
Received Import Request.
  Time since last request: 10.483828 seconds.
  path: Assets/Materials/GhostBodyMaterial.mat
  artifactKey: Guid(914285e83d59dc847a556c697f3ce457) Importer(815301076,1909f56bfc062723c751e8b465ee728b)
Start importing Assets/Materials/GhostBodyMaterial.mat using Guid(914285e83d59dc847a556c697f3ce457) Importer(815301076,1909f56bfc062723c751e8b465ee728b)  -> (artifact id: '010e3b7eb57b6b3de454a4a2668befdc') in 0.048573 seconds
  Import took 0.092531 seconds .

========================================================================
Received Import Request.
  Time since last request: 0.000486 seconds.
  path: Assets/Materials/PlaneVisualizerMaterial.mat
  artifactKey: Guid(ffeaa9facc4879d4fb2ace3b10cea079) Importer(815301076,1909f56bfc062723c751e8b465ee728b)
Start importing Assets/Materials/PlaneVisualizerMaterial.mat using Guid(ffeaa9facc4879d4fb2ace3b10cea079) Importer(815301076,1909f56bfc062723c751e8b465ee728b)  -> (artifact id: '1665a10da57af227631d3846c63934cb') in 0.038834 seconds
  Import took 0.050551 seconds .

========================================================================
Received Import Request.
  Time since last request: 110.106642 seconds.
  path: Assets/Materials/GhostShader.shadergraph
  artifactKey: Guid(598682165da2f97429b212cfc4fd05f1) Importer(815301076,1909f56bfc062723c751e8b465ee728b)
Start importing Assets/Materials/GhostShader.shadergraph using Guid(598682165da2f97429b212cfc4fd05f1) Importer(815301076,1909f56bfc062723c751e8b465ee728b)  -> (artifact id: 'f46caa4f4f435cfe24a238883a68dbdc') in 0.006673 seconds
  Import took 0.010524 seconds .

========================================================================
Received Import Request.
  Time since last request: 7.218771 seconds.
  path: Assets/Prefabs/Ghost Variant.prefab
  artifactKey: Guid(35b109c9560440b4c80eedf57f59ec41) Importer(815301076,1909f56bfc062723c751e8b465ee728b)
Start importing Assets/Prefabs/Ghost Variant.prefab using Guid(35b109c9560440b4c80eedf57f59ec41) Importer(815301076,1909f56bfc062723c751e8b465ee728b)  -> (artifact id: '1e45cb12f22bac04f792e0c3c925e467') in 0.026420 seconds
  Import took 0.058465 seconds .

========================================================================
Received Import Request.
  Time since last request: 0.000145 seconds.
  path: Assets/Prefabs/Ghost.fbx
  artifactKey: Guid(4e098d431fb482d44812e417d5f418b9) Importer(815301076,1909f56bfc062723c751e8b465ee728b)
Start importing Assets/Prefabs/Ghost.fbx using Guid(4e098d431fb482d44812e417d5f418b9) Importer(815301076,1909f56bfc062723c751e8b465ee728b)  -> (artifact id: '2f13ed6892de9b321a612918afd99671') in 0.058500 seconds
  Import took 0.062113 seconds .

========================================================================
Received Import Request.
  Time since last request: 37.441912 seconds.
  path: Assets/Materials/GhostBodyMaterial.mat
  artifactKey: Guid(914285e83d59dc847a556c697f3ce457) Importer(815301076,1909f56bfc062723c751e8b465ee728b)
Start importing Assets/Materials/GhostBodyMaterial.mat using Guid(914285e83d59dc847a556c697f3ce457) Importer(815301076,1909f56bfc062723c751e8b465ee728b)  -> (artifact id: '080e47799a59333b85b2f22ef8e61efd') in 0.158690 seconds
  Import took 0.162608 seconds .

========================================================================
Received Import Request.
  Time since last request: 0.000159 seconds.
  path: Assets/Materials/PlaneVisualizerMaterial.mat
  artifactKey: Guid(ffeaa9facc4879d4fb2ace3b10cea079) Importer(815301076,1909f56bfc062723c751e8b465ee728b)
Start importing Assets/Materials/PlaneVisualizerMaterial.mat using Guid(ffeaa9facc4879d4fb2ace3b10cea079) Importer(815301076,1909f56bfc062723c751e8b465ee728b)  -> (artifact id: 'd22d097bfea698b8b0a6fe4752144843') in 0.007313 seconds
  Import took 0.010953 seconds .

========================================================================
Received Import Request.
  Time since last request: 81.164697 seconds.
  path: Assets/Materials/GhostShader.shadergraph
  artifactKey: Guid(598682165da2f97429b212cfc4fd05f1) Importer(815301076,1909f56bfc062723c751e8b465ee728b)
Start importing Assets/Materials/GhostShader.shadergraph using Guid(598682165da2f97429b212cfc4fd05f1) Importer(815301076,1909f56bfc062723c751e8b465ee728b)  -> (artifact id: 'aac719114637beec26ea15ef20401b7a') in 0.004465 seconds
  Import took 0.010487 seconds .

========================================================================
Received Import Request.
  Time since last request: 110.258554 seconds.
  path: Assets/Materials/GhostBodyMaterial 1.mat
  artifactKey: Guid(8a76002c975e37542844e35e2e650ae2) Importer(815301076,1909f56bfc062723c751e8b465ee728b)
Start importing Assets/Materials/GhostBodyMaterial 1.mat using Guid(8a76002c975e37542844e35e2e650ae2) Importer(815301076,1909f56bfc062723c751e8b465ee728b)  -> (artifact id: '15639033ff46b840c73028b47e19c3cd') in 0.472729 seconds
  Import took 0.477104 seconds .

========================================================================
Received Import Request.
  Time since last request: 0.000149 seconds.
  path: Assets/Materials/GhostEyesAndMouth.mat
  artifactKey: Guid(914285e83d59dc847a556c697f3ce457) Importer(815301076,1909f56bfc062723c751e8b465ee728b)
Start importing Assets/Materials/GhostEyesAndMouth.mat using Guid(914285e83d59dc847a556c697f3ce457) Importer(815301076,1909f56bfc062723c751e8b465ee728b)  -> (artifact id: '0e582e1240f9f93879c361557fbd6df2') in 0.012100 seconds
  Import took 0.015885 seconds .

========================================================================
Received Import Request.
  Time since last request: 31.779984 seconds.
  path: Assets/Materials/GhostEyesAndMouth.mat
  artifactKey: Guid(914285e83d59dc847a556c697f3ce457) Importer(815301076,1909f56bfc062723c751e8b465ee728b)
Start importing Assets/Materials/GhostEyesAndMouth.mat using Guid(914285e83d59dc847a556c697f3ce457) Importer(815301076,1909f56bfc062723c751e8b465ee728b)  -> (artifact id: 'd3e59a69271060f4ace78ba2df7e5d02') in 0.008181 seconds
  Import took 0.039691 seconds .

========================================================================
Received Prepare
Shader 'Universal Render Pipeline/Particles/Lit': fallback shader 'Universal Render Pipeline/Particles/SimpleLit' not found
Refreshing native plugins compatible for Editor in 0.95 ms, found 0 plugins.
Preloading 0 native plugins for Editor in 0.00 ms.
Unloading 55 Unused Serialized files (Serialized files now loaded: 0)
System memory in use before: 70.6 MB.
System memory in use after: 70.8 MB.

Unloading 5 unused Assets to reduce memory usage. Loaded Objects now: 3291.
Total: 2.738000 ms (FindLiveObjects: 0.253200 ms CreateObjectMapping: 0.121600 ms MarkObjects: 2.312200 ms  DeleteObjects: 0.050300 ms)

========================================================================
Received Prepare
Shader 'Universal Render Pipeline/Particles/Lit': fallback shader 'Universal Render Pipeline/Particles/SimpleLit' not found
Refreshing native plugins compatible for Editor in 0.92 ms, found 0 plugins.
Preloading 0 native plugins for Editor in 0.00 ms.
Unloading 5 Unused Serialized files (Serialized files now loaded: 0)
System memory in use before: 69.1 MB.
System memory in use after: 69.2 MB.

Unloading 5 unused Assets to reduce memory usage. Loaded Objects now: 3291.
Total: 3.183600 ms (FindLiveObjects: 0.289000 ms CreateObjectMapping: 0.131900 ms MarkObjects: 2.681000 ms  DeleteObjects: 0.080300 ms)

========================================================================
Received Import Request.
  Time since last request: 440.476174 seconds.
  path: Assets/Rendering/UniversalRenderPipelineAsset_Renderer.asset
  artifactKey: Guid(76bd70941fe28be42bfcb6d907f70d2b) Importer(815301076,1909f56bfc062723c751e8b465ee728b)
Start importing Assets/Rendering/UniversalRenderPipelineAsset_Renderer.asset using Guid(76bd70941fe28be42bfcb6d907f70d2b) Importer(815301076,1909f56bfc062723c751e8b465ee728b)  -> (artifact id: '1cf564017a1341e927ecd8e29a009a7f') in 0.009674 seconds
  Import took 0.015013 seconds .

========================================================================
Received Import Request.
  Time since last request: 36.687522 seconds.
  path: Assets/Materials/GhostBodyMaterial 1.mat
  artifactKey: Guid(8a76002c975e37542844e35e2e650ae2) Importer(815301076,1909f56bfc062723c751e8b465ee728b)
Start importing Assets/Materials/GhostBodyMaterial 1.mat using Guid(8a76002c975e37542844e35e2e650ae2) Importer(815301076,1909f56bfc062723c751e8b465ee728b)  -> (artifact id: '90e53e00c41b3ea909e2532c1b07e1f2') in 0.124517 seconds
  Import took 0.128772 seconds .

========================================================================
Received Import Request.
  Time since last request: 20.274870 seconds.
  path: Assets/Prefabs/Ghost Variant.prefab
  artifactKey: Guid(35b109c9560440b4c80eedf57f59ec41) Importer(815301076,1909f56bfc062723c751e8b465ee728b)
Start importing Assets/Prefabs/Ghost Variant.prefab using Guid(35b109c9560440b4c80eedf57f59ec41) Importer(815301076,1909f56bfc062723c751e8b465ee728b)  -> (artifact id: '468eebcfa4a614b4869242c9e44758f4') in 0.014535 seconds
  Import took 0.024356 seconds .

========================================================================
Received Import Request.
  Time since last request: 77.965156 seconds.
  path: Assets/Materials/New Material.mat
  artifactKey: Guid(87f451fb4a250094fbf9391524e3ec64) Importer(815301076,1909f56bfc062723c751e8b465ee728b)
Start importing Assets/Materials/New Material.mat using Guid(87f451fb4a250094fbf9391524e3ec64) Importer(815301076,1909f56bfc062723c751e8b465ee728b)  -> (artifact id: '35de8f8dc6435813b60ce117ab930846') in 0.140006 seconds
  Import took 0.178680 seconds .

========================================================================
Received Import Request.
  Time since last request: 18.086630 seconds.
  path: Assets/Prefabs/AR Default Plane.prefab
  artifactKey: Guid(f8cacae2eb8b81f4cb40338c300cd65c) Importer(815301076,1909f56bfc062723c751e8b465ee728b)
Start importing Assets/Prefabs/AR Default Plane.prefab using Guid(f8cacae2eb8b81f4cb40338c300cd65c) Importer(815301076,1909f56bfc062723c751e8b465ee728b)  -> (artifact id: '70fd746a5b3c9fed475049c6b205f5c1') in 0.007772 seconds
  Import took 0.012053 seconds .

========================================================================
Received Prepare
Shader 'Universal Render Pipeline/Particles/Lit': fallback shader 'Universal Render Pipeline/Particles/SimpleLit' not found
Refreshing native plugins compatible for Editor in 0.88 ms, found 0 plugins.
Preloading 0 native plugins for Editor in 0.00 ms.
Unloading 5 Unused Serialized files (Serialized files now loaded: 0)
System memory in use before: 69.8 MB.
System memory in use after: 70.0 MB.

Unloading 5 unused Assets to reduce memory usage. Loaded Objects now: 3356.
Total: 2.752000 ms (FindLiveObjects: 0.245400 ms CreateObjectMapping: 0.114100 ms MarkObjects: 2.330500 ms  DeleteObjects: 0.061200 ms)

========================================================================
Received Import Request.
  Time since last request: 1372.101186 seconds.
  path: Assets/Prefabs/AR Default Plane.prefab
  artifactKey: Guid(f8cacae2eb8b81f4cb40338c300cd65c) Importer(815301076,1909f56bfc062723c751e8b465ee728b)
Start importing Assets/Prefabs/AR Default Plane.prefab using Guid(f8cacae2eb8b81f4cb40338c300cd65c) Importer(815301076,1909f56bfc062723c751e8b465ee728b)  -> (artifact id: '88166e244c77052789013bc92e60f484') in 0.008132 seconds
  Import took 0.013176 seconds .

========================================================================
Received Import Request.
  Time since last request: 16.158299 seconds.
  path: Assets/Prefabs/AR Default Plane.prefab
  artifactKey: Guid(f8cacae2eb8b81f4cb40338c300cd65c) Importer(815301076,1909f56bfc062723c751e8b465ee728b)
Start importing Assets/Prefabs/AR Default Plane.prefab using Guid(f8cacae2eb8b81f4cb40338c300cd65c) Importer(815301076,1909f56bfc062723c751e8b465ee728b)  -> (artifact id: '63876228284ffe390175a32830bf5639') in 0.003713 seconds
  Import took 0.007753 seconds .

========================================================================
Received Import Request.
  Time since last request: 0.001583 seconds.
  path: Assets/Prefabs/AR Default Plane.prefab
  artifactKey: Guid(f8cacae2eb8b81f4cb40338c300cd65c) Importer(815301076,1909f56bfc062723c751e8b465ee728b)
Start importing Assets/Prefabs/AR Default Plane.prefab using Guid(f8cacae2eb8b81f4cb40338c300cd65c) Importer(815301076,1909f56bfc062723c751e8b465ee728b)  -> (artifact id: '63876228284ffe390175a32830bf5639') in 0.003232 seconds
  Import took 0.007179 seconds .

========================================================================
Received Import Request.
  Time since last request: 205.216600 seconds.
  path: Assets/Materials/FireShader.shadergraph
  artifactKey: Guid(b3fc4a9ffbd0d6044920ea94cd5031f0) Importer(815301076,1909f56bfc062723c751e8b465ee728b)
Start importing Assets/Materials/FireShader.shadergraph using Guid(b3fc4a9ffbd0d6044920ea94cd5031f0) Importer(815301076,1909f56bfc062723c751e8b465ee728b)  -> (artifact id: '3d38e918a21136b5b4c892ace6422520') in 0.007415 seconds
  Import took 0.011580 seconds .

========================================================================
Received Import Request.
  Time since last request: 0.418446 seconds.
  path: Assets/Materials/FireShader.shadergraph
  artifactKey: Guid(b3fc4a9ffbd0d6044920ea94cd5031f0) Importer(815301076,1909f56bfc062723c751e8b465ee728b)
Start importing Assets/Materials/FireShader.shadergraph using Guid(b3fc4a9ffbd0d6044920ea94cd5031f0) Importer(815301076,1909f56bfc062723c751e8b465ee728b)  -> (artifact id: '3d38e918a21136b5b4c892ace6422520') in 0.003514 seconds
  Import took 0.007592 seconds .

========================================================================
Received Import Request.
  Time since last request: 60.983881 seconds.
  path: Assets/TextMesh Pro/Sprites/EmojiOne.png
  artifactKey: Guid(dffef66376be4fa480fb02b19edbe903) Importer(815301076,1909f56bfc062723c751e8b465ee728b)
Start importing Assets/TextMesh Pro/Sprites/EmojiOne.png using Guid(dffef66376be4fa480fb02b19edbe903) Importer(815301076,1909f56bfc062723c751e8b465ee728b)  -> (artifact id: 'c553413d845bc2b62d28216370e7a298') in 0.048371 seconds
  Import took 0.053959 seconds .

========================================================================
Received Import Request.
  Time since last request: 0.000164 seconds.
  path: Assets/TextMesh Pro/Resources/Fonts & Materials/LiberationSans SDF - Fallback.asset
  artifactKey: Guid(2e498d1c8094910479dc3e1b768306a4) Importer(815301076,1909f56bfc062723c751e8b465ee728b)
Start importing Assets/TextMesh Pro/Resources/Fonts & Materials/LiberationSans SDF - Fallback.asset using Guid(2e498d1c8094910479dc3e1b768306a4) Importer(815301076,1909f56bfc062723c751e8b465ee728b)  -> (artifact id: '4537c845667f4fa7a13ced69bf8f583b') in 0.110815 seconds
  Import took 0.114806 seconds .

========================================================================
Received Import Request.
  Time since last request: 0.000212 seconds.
  path: Assets/TextMesh Pro/Resources/Fonts & Materials/LiberationSans SDF.asset
  artifactKey: Guid(8f586378b4e144a9851e7b34d9b748ee) Importer(815301076,1909f56bfc062723c751e8b465ee728b)
Start importing Assets/TextMesh Pro/Resources/Fonts & Materials/LiberationSans SDF.asset using Guid(8f586378b4e144a9851e7b34d9b748ee) Importer(815301076,1909f56bfc062723c751e8b465ee728b)  -> (artifact id: 'f45b531e2dbacb6e4a37e1e6014cda26') in 0.048055 seconds
  Import took 0.052569 seconds .

========================================================================
Received Import Request.
  Time since last request: 0.000143 seconds.
  path: Assets/TextMesh Pro/Resources/Fonts & Materials/LiberationSans SDF - Fallback.asset
  artifactKey: Guid(2e498d1c8094910479dc3e1b768306a4) Importer(815301076,1909f56bfc062723c751e8b465ee728b)
Start importing Assets/TextMesh Pro/Resources/Fonts & Materials/LiberationSans SDF - Fallback.asset using Guid(2e498d1c8094910479dc3e1b768306a4) Importer(815301076,1909f56bfc062723c751e8b465ee728b)  -> (artifact id: '4537c845667f4fa7a13ced69bf8f583b') in 0.009887 seconds
  Import took 0.014103 seconds .

========================================================================
Received Import Request.
  Time since last request: 150.409413 seconds.
  path: Assets/Prefabs/Ghost Variant.prefab
  artifactKey: Guid(35b109c9560440b4c80eedf57f59ec41) Importer(815301076,1909f56bfc062723c751e8b465ee728b)
Start importing Assets/Prefabs/Ghost Variant.prefab using Guid(35b109c9560440b4c80eedf57f59ec41) Importer(815301076,1909f56bfc062723c751e8b465ee728b)  -> (artifact id: '4b66b38cd18a226696c9a1937f193019') in 0.012958 seconds
  Import took 0.034903 seconds .

========================================================================
Received Import Request.
  Time since last request: 6.823766 seconds.
  path: Assets/Prefabs/Ghost Variant.prefab
  artifactKey: Guid(35b109c9560440b4c80eedf57f59ec41) Importer(815301076,1909f56bfc062723c751e8b465ee728b)
Start importing Assets/Prefabs/Ghost Variant.prefab using Guid(35b109c9560440b4c80eedf57f59ec41) Importer(815301076,1909f56bfc062723c751e8b465ee728b)  -> (artifact id: 'd0993e3d6bce82523c629bd3b2d6853b') in 0.015329 seconds
  Import took 0.053283 seconds .

========================================================================
Received Import Request.
  Time since last request: 0.349426 seconds.
  path: Assets/Prefabs/Ghost Variant.prefab
  artifactKey: Guid(35b109c9560440b4c80eedf57f59ec41) Importer(815301076,1909f56bfc062723c751e8b465ee728b)
Start importing Assets/Prefabs/Ghost Variant.prefab using Guid(35b109c9560440b4c80eedf57f59ec41) Importer(815301076,1909f56bfc062723c751e8b465ee728b)  -> (artifact id: '5a0eae9075caa159e456bddf2149cc67') in 0.015159 seconds
  Import took 0.072815 seconds .

========================================================================
Received Import Request.
  Time since last request: 1.265272 seconds.
  path: Assets/Prefabs/Ghost Variant.prefab
  artifactKey: Guid(35b109c9560440b4c80eedf57f59ec41) Importer(815301076,1909f56bfc062723c751e8b465ee728b)
Start importing Assets/Prefabs/Ghost Variant.prefab using Guid(35b109c9560440b4c80eedf57f59ec41) Importer(815301076,1909f56bfc062723c751e8b465ee728b)  -> (artifact id: 'fe370419ce2e45f40ef4365bc7004548') in 0.015624 seconds
  Import took 0.020600 seconds .

========================================================================
Received Prepare
Shader 'Universal Render Pipeline/Particles/Lit': fallback shader 'Universal Render Pipeline/Particles/SimpleLit' not found
Refreshing native plugins compatible for Editor in 0.87 ms, found 0 plugins.
Preloading 0 native plugins for Editor in 0.00 ms.
Unloading 5 Unused Serialized files (Serialized files now loaded: 0)
System memory in use before: 71.0 MB.
System memory in use after: 71.1 MB.

Unloading 5 unused Assets to reduce memory usage. Loaded Objects now: 3360.
Total: 3.311800 ms (FindLiveObjects: 0.279300 ms CreateObjectMapping: 0.132200 ms MarkObjects: 2.840600 ms  DeleteObjects: 0.058900 ms)

========================================================================
Received Import Request.
  Time since last request: 858.436668 seconds.
  path: Assets/Materials/New Material 1.mat
  artifactKey: Guid(ce38decdde7839843ae8ad96a1b663a7) Importer(815301076,1909f56bfc062723c751e8b465ee728b)
Start importing Assets/Materials/New Material 1.mat using Guid(ce38decdde7839843ae8ad96a1b663a7) Importer(815301076,1909f56bfc062723c751e8b465ee728b)  -> (artifact id: 'f57934ca7cddc50802683c366653c749') in 0.021051 seconds
  Import took 0.030839 seconds .

========================================================================
Received Import Request.
  Time since last request: 0.002762 seconds.
  path: Assets/Materials/New Material 1.mat
  artifactKey: Guid(ce38decdde7839843ae8ad96a1b663a7) Importer(815301076,1909f56bfc062723c751e8b465ee728b)
Start importing Assets/Materials/New Material 1.mat using Guid(ce38decdde7839843ae8ad96a1b663a7) Importer(815301076,1909f56bfc062723c751e8b465ee728b)  -> (artifact id: 'f57934ca7cddc50802683c366653c749') in 0.008335 seconds
  Import took 0.012292 seconds .

========================================================================
Received Import Request.
  Time since last request: 40.744065 seconds.
  path: Assets/Materials/FireShader.shadergraph
  artifactKey: Guid(b3fc4a9ffbd0d6044920ea94cd5031f0) Importer(815301076,1909f56bfc062723c751e8b465ee728b)
Start importing Assets/Materials/FireShader.shadergraph using Guid(b3fc4a9ffbd0d6044920ea94cd5031f0) Importer(815301076,1909f56bfc062723c751e8b465ee728b)  -> (artifact id: '1f9f9ab17d2c06e50d309fa9263ddcc4') in 0.007590 seconds
  Import took 0.012282 seconds .

========================================================================
Received Import Request.
  Time since last request: 108.718442 seconds.
  path: Assets/Materials/GhostZoneMaterial.mat
  artifactKey: Guid(ce38decdde7839843ae8ad96a1b663a7) Importer(815301076,1909f56bfc062723c751e8b465ee728b)
Start importing Assets/Materials/GhostZoneMaterial.mat using Guid(ce38decdde7839843ae8ad96a1b663a7) Importer(815301076,1909f56bfc062723c751e8b465ee728b)  -> (artifact id: '47ad73560b68c6bb3f4bb6e6ba366785') in 0.048044 seconds
  Import took 0.052725 seconds .

========================================================================
Received Import Request.
  Time since last request: 25.925696 seconds.
  path: Assets/Prefabs/AR Default Plane.prefab
  artifactKey: Guid(f8cacae2eb8b81f4cb40338c300cd65c) Importer(815301076,1909f56bfc062723c751e8b465ee728b)
Start importing Assets/Prefabs/AR Default Plane.prefab using Guid(f8cacae2eb8b81f4cb40338c300cd65c) Importer(815301076,1909f56bfc062723c751e8b465ee728b)  -> (artifact id: '052bc7243b4e2e33cb354e85ee5fe4de') in 0.008745 seconds
  Import took 0.013795 seconds .

========================================================================
Received Import Request.
  Time since last request: 106.258081 seconds.
  path: Assets/Prefabs/Ghost Variant.prefab
  artifactKey: Guid(35b109c9560440b4c80eedf57f59ec41) Importer(815301076,1909f56bfc062723c751e8b465ee728b)
Start importing Assets/Prefabs/Ghost Variant.prefab using Guid(35b109c9560440b4c80eedf57f59ec41) Importer(815301076,1909f56bfc062723c751e8b465ee728b)  -> (artifact id: 'bfb874b92cab7b58add57a9512495e3e') in 0.017655 seconds
  Import took 0.022189 seconds .

========================================================================
Received Import Request.
  Time since last request: 0.005755 seconds.
  path: Assets/Prefabs/Ghost Variant.prefab
  artifactKey: Guid(35b109c9560440b4c80eedf57f59ec41) Importer(815301076,1909f56bfc062723c751e8b465ee728b)
Start importing Assets/Prefabs/Ghost Variant.prefab using Guid(35b109c9560440b4c80eedf57f59ec41) Importer(815301076,1909f56bfc062723c751e8b465ee728b)  -> (artifact id: 'bfb874b92cab7b58add57a9512495e3e') in 0.011819 seconds
  Import took 0.016283 seconds .

========================================================================
Received Import Request.
  Time since last request: 26.732134 seconds.
  path: Assets/Prefabs/Ghost Variant.prefab
  artifactKey: Guid(35b109c9560440b4c80eedf57f59ec41) Importer(815301076,1909f56bfc062723c751e8b465ee728b)
Start importing Assets/Prefabs/Ghost Variant.prefab using Guid(35b109c9560440b4c80eedf57f59ec41) Importer(815301076,1909f56bfc062723c751e8b465ee728b)  -> (artifact id: '3254f78d5c80c87263822901f84d0623') in 0.009579 seconds
  Import took 0.013887 seconds .

========================================================================
Received Import Request.
  Time since last request: 13.238527 seconds.
  path: Assets/Prefabs/Ghost Variant.prefab
  artifactKey: Guid(35b109c9560440b4c80eedf57f59ec41) Importer(815301076,1909f56bfc062723c751e8b465ee728b)
Start importing Assets/Prefabs/Ghost Variant.prefab using Guid(35b109c9560440b4c80eedf57f59ec41) Importer(815301076,1909f56bfc062723c751e8b465ee728b)  -> (artifact id: '7c08fba5f61e61c808c6b467849c920b') in 0.009946 seconds
  Import took 0.014085 seconds .

========================================================================
Received Prepare
Shader 'Universal Render Pipeline/Particles/Lit': fallback shader 'Universal Render Pipeline/Particles/SimpleLit' not found
Refreshing native plugins compatible for Editor in 0.97 ms, found 0 plugins.
Preloading 0 native plugins for Editor in 0.00 ms.
Unloading 6 Unused Serialized files (Serialized files now loaded: 0)
System memory in use before: 71.7 MB.
System memory in use after: 71.9 MB.

Unloading 6 unused Assets to reduce memory usage. Loaded Objects now: 3361.
Total: 3.475400 ms (FindLiveObjects: 0.270700 ms CreateObjectMapping: 0.134300 ms MarkObjects: 2.977700 ms  DeleteObjects: 0.091700 ms)

========================================================================
Received Prepare
Registering precompiled user dll's ...
Registered in 0.001000 seconds.
Begin MonoManager ReloadAssembly
Native extension for WindowsStandalone target not found
Refreshing native plugins compatible for Editor in 37.90 ms, found 0 plugins.
Preloading 0 native plugins for Editor in 0.00 ms.
Invoked RoslynAnalysisRunner static constructor.
RoslynAnalysisRunner will not be running.
RoslynAnalysisRunner has terminated.
Mono: successfully reloaded assembly
- Completed reload, in  0.857 seconds
Platform modules already initialized, skipping
Shader 'Universal Render Pipeline/Particles/Lit': fallback shader 'Universal Render Pipeline/Particles/SimpleLit' not found
Refreshing native plugins compatible for Editor in 0.46 ms, found 0 plugins.
Preloading 0 native plugins for Editor in 0.00 ms.
Unloading 2661 Unused Serialized files (Serialized files now loaded: 0)
System memory in use before: 123.3 MB.
System memory in use after: 123.5 MB.

Unloading 5 unused Assets to reduce memory usage. Loaded Objects now: 3336.
Total: 1.770700 ms (FindLiveObjects: 0.289600 ms CreateObjectMapping: 0.143700 ms MarkObjects: 1.284600 ms  DeleteObjects: 0.052000 ms)

========================================================================
Received Prepare
Shader 'Universal Render Pipeline/Particles/Lit': fallback shader 'Universal Render Pipeline/Particles/SimpleLit' not found
Refreshing native plugins compatible for Editor in 1.00 ms, found 0 plugins.
Preloading 0 native plugins for Editor in 0.00 ms.
Unloading 8 Unused Serialized files (Serialized files now loaded: 0)
System memory in use before: 70.9 MB.
System memory in use after: 71.0 MB.

Unloading 6 unused Assets to reduce memory usage. Loaded Objects now: 3335.
Total: 2.016400 ms (FindLiveObjects: 0.285000 ms CreateObjectMapping: 0.161200 ms MarkObjects: 1.503100 ms  DeleteObjects: 0.066500 ms)

========================================================================
Received Import Request.
  Time since last request: 367.576088 seconds.
  path: Assets/Prefabs/Ghost Variant.prefab
  artifactKey: Guid(35b109c9560440b4c80eedf57f59ec41) Importer(815301076,1909f56bfc062723c751e8b465ee728b)
Start importing Assets/Prefabs/Ghost Variant.prefab using Guid(35b109c9560440b4c80eedf57f59ec41) Importer(815301076,1909f56bfc062723c751e8b465ee728b)  -> (artifact id: 'd1cb312f75325dcbecf2a9a6613ac9a5') in 0.145716 seconds
  Import took 0.151695 seconds .

========================================================================
Received Import Request.
  Time since last request: 0.000153 seconds.
  path: Assets/Prefabs/Ghost.fbx
  artifactKey: Guid(4e098d431fb482d44812e417d5f418b9) Importer(815301076,1909f56bfc062723c751e8b465ee728b)
Start importing Assets/Prefabs/Ghost.fbx using Guid(4e098d431fb482d44812e417d5f418b9) Importer(815301076,1909f56bfc062723c751e8b465ee728b)  -> (artifact id: '9ca0ab04f629dc8b0bd527eadc6dfd45') in 0.122494 seconds
  Import took 0.126170 seconds .

========================================================================
Received Prepare
Registering precompiled user dll's ...
Registered in 0.000512 seconds.
Begin MonoManager ReloadAssembly
A scripted class has a different serialization layout when loading. (Read 0 bytes but expected 16 bytes)
Did you change any of your scripts when entering playmode?

Native extension for WindowsStandalone target not found
Refreshing native plugins compatible for Editor in 24.02 ms, found 0 plugins.
Preloading 0 native plugins for Editor in 0.00 ms.
Invoked RoslynAnalysisRunner static constructor.
RoslynAnalysisRunner will not be running.
RoslynAnalysisRunner has terminated.
Mono: successfully reloaded assembly
- Completed reload, in  0.741 seconds
Platform modules already initialized, skipping
Shader 'Universal Render Pipeline/Particles/Lit': fallback shader 'Universal Render Pipeline/Particles/SimpleLit' not found
Refreshing native plugins compatible for Editor in 0.27 ms, found 0 plugins.
Preloading 0 native plugins for Editor in 0.00 ms.
Unloading 1471 Unused Serialized files (Serialized files now loaded: 0)
System memory in use before: 99.8 MB.
System memory in use after: 100.0 MB.

Unloading 338 unused Assets to reduce memory usage. Loaded Objects now: 3045.
Total: 2.311600 ms (FindLiveObjects: 0.234900 ms CreateObjectMapping: 0.103600 ms MarkObjects: 1.357400 ms  DeleteObjects: 0.614900 ms)

========================================================================
Received Prepare
Registering precompiled user dll's ...
Registered in 0.001777 seconds.
Begin MonoManager ReloadAssembly
Native extension for WindowsStandalone target not found
Refreshing native plugins compatible for Editor in 89.97 ms, found 0 plugins.
Preloading 0 native plugins for Editor in 0.00 ms.
Invoked RoslynAnalysisRunner static constructor.
RoslynAnalysisRunner will not be running.
RoslynAnalysisRunner has terminated.
Mono: successfully reloaded assembly
- Completed reload, in  1.750 seconds
Platform modules already initialized, skipping
Shader 'Universal Render Pipeline/Particles/Lit': fallback shader 'Universal Render Pipeline/Particles/SimpleLit' not found
Refreshing native plugins compatible for Editor in 1.23 ms, found 0 plugins.
Preloading 0 native plugins for Editor in 0.00 ms.
Unloading 2663 Unused Serialized files (Serialized files now loaded: 0)
System memory in use before: 125.1 MB.
System memory in use after: 125.3 MB.

Unloading 9 unused Assets to reduce memory usage. Loaded Objects now: 3330.
Total: 7.510500 ms (FindLiveObjects: 0.475600 ms CreateObjectMapping: 0.192000 ms MarkObjects: 6.720000 ms  DeleteObjects: 0.121300 ms)

========================================================================
Received Prepare
Shader 'Universal Render Pipeline/Particles/Lit': fallback shader 'Universal Render Pipeline/Particles/SimpleLit' not found
Refreshing native plugins compatible for Editor in 1.03 ms, found 0 plugins.
Preloading 0 native plugins for Editor in 0.00 ms.
Unloading 9 Unused Serialized files (Serialized files now loaded: 0)
System memory in use before: 73.4 MB.
System memory in use after: 73.5 MB.

Unloading 5 unused Assets to reduce memory usage. Loaded Objects now: 3331.
Total: 2.497200 ms (FindLiveObjects: 0.318700 ms CreateObjectMapping: 0.137800 ms MarkObjects: 1.978000 ms  DeleteObjects: 0.061900 ms)

========================================================================
Received Import Request.
  Time since last request: 956.486316 seconds.
  path: Assets/Materials/GhostZoneMaterial.mat
  artifactKey: Guid(ce38decdde7839843ae8ad96a1b663a7) Importer(815301076,1909f56bfc062723c751e8b465ee728b)
Start importing Assets/Materials/GhostZoneMaterial.mat using Guid(ce38decdde7839843ae8ad96a1b663a7) Importer(815301076,1909f56bfc062723c751e8b465ee728b)  -> (artifact id: 'd77776edecdf8f6e297d4cee5b0e9b91') in 0.055862 seconds
  Import took 0.093242 seconds .

========================================================================
Received Prepare
Shader 'Universal Render Pipeline/Particles/Lit': fallback shader 'Universal Render Pipeline/Particles/SimpleLit' not found
Refreshing native plugins compatible for Editor in 0.89 ms, found 0 plugins.
Preloading 0 native plugins for Editor in 0.00 ms.
Unloading 5 Unused Serialized files (Serialized files now loaded: 0)
System memory in use before: 70.8 MB.
System memory in use after: 71.0 MB.

Unloading 6 unused Assets to reduce memory usage. Loaded Objects now: 3332.
Total: 3.130600 ms (FindLiveObjects: 0.263900 ms CreateObjectMapping: 0.160100 ms MarkObjects: 2.596800 ms  DeleteObjects: 0.109000 ms)

AssetImportWorkerClient::OnTransportError - code=2 error=End of file
